[2021-03-25 18:50:49] local.ERROR: syntax error, unexpected single-quoted string "user", expecting "]" (View: /home/alumne/Escritorio/template22/laravel-spa-vue3-auth-crud/resources/views/app.blade.php) {"exception":"[object] (Facade\\Ignition\\Exceptions\\ViewException(code: 0): syntax error, unexpected single-quoted string \"user\", expecting \"]\" (View: /home/alumne/Escritorio/template22/laravel-spa-vue3-auth-crud/resources/views/app.blade.php) at /home/alumne/Escritorio/template22/laravel-spa-vue3-auth-crud/resources/views/app.blade.php:23)
[stacktrace]
#0 /home/alumne/Escritorio/template22/laravel-spa-vue3-auth-crud/vendor/laravel/framework/src/Illuminate/Filesystem/Filesystem.php(108): Illuminate\\Filesystem\\Filesystem::Illuminate\\Filesystem\\{closure}()
#1 /home/alumne/Escritorio/template22/laravel-spa-vue3-auth-crud/vendor/laravel/framework/src/Illuminate/View/Engines/PhpEngine.php(58): Illuminate\\Filesystem\\Filesystem->getRequire()
#2 /home/alumne/Escritorio/template22/laravel-spa-vue3-auth-crud/vendor/laravel/framework/src/Illuminate/View/Engines/CompilerEngine.php(61): Illuminate\\View\\Engines\\PhpEngine->evaluatePath()
#3 /home/alumne/Escritorio/template22/laravel-spa-vue3-auth-crud/vendor/facade/ignition/src/Views/Engines/CompilerEngine.php(37): Illuminate\\View\\Engines\\CompilerEngine->get()
#4 /home/alumne/Escritorio/template22/laravel-spa-vue3-auth-crud/vendor/laravel/framework/src/Illuminate/View/View.php(139): Facade\\Ignition\\Views\\Engines\\CompilerEngine->get()
#5 /home/alumne/Escritorio/template22/laravel-spa-vue3-auth-crud/vendor/laravel/framework/src/Illuminate/View/View.php(122): Illuminate\\View\\View->getContents()
#6 /home/alumne/Escritorio/template22/laravel-spa-vue3-auth-crud/vendor/laravel/framework/src/Illuminate/View/View.php(91): Illuminate\\View\\View->renderContents()
#7 /home/alumne/Escritorio/template22/laravel-spa-vue3-auth-crud/vendor/laravel/framework/src/Illuminate/Http/Response.php(62): Illuminate\\View\\View->render()
#8 /home/alumne/Escritorio/template22/laravel-spa-vue3-auth-crud/vendor/laravel/framework/src/Illuminate/Http/Response.php(34): Illuminate\\Http\\Response->setContent()
#9 /home/alumne/Escritorio/template22/laravel-spa-vue3-auth-crud/vendor/laravel/framework/src/Illuminate/Routing/Router.php(783): Illuminate\\Http\\Response->__construct()
#10 /home/alumne/Escritorio/template22/laravel-spa-vue3-auth-crud/vendor/laravel/framework/src/Illuminate/Routing/Router.php(753): Illuminate\\Routing\\Router::toResponse()
#11 /home/alumne/Escritorio/template22/laravel-spa-vue3-auth-crud/vendor/laravel/framework/src/Illuminate/Routing/Router.php(693): Illuminate\\Routing\\Router->prepareResponse()
#12 /home/alumne/Escritorio/template22/laravel-spa-vue3-auth-crud/vendor/laravel/framework/src/Illuminate/Pipeline/Pipeline.php(128): Illuminate\\Routing\\Router->Illuminate\\Routing\\{closure}()
#13 /home/alumne/Escritorio/template22/laravel-spa-vue3-auth-crud/vendor/laravel/framework/src/Illuminate/Routing/Middleware/SubstituteBindings.php(41): Illuminate\\Pipeline\\Pipeline->Illuminate\\Pipeline\\{closure}()
#14 /home/alumne/Escritorio/template22/laravel-spa-vue3-auth-crud/vendor/laravel/framework/src/Illuminate/Pipeline/Pipeline.php(167): Illuminate\\Routing\\Middleware\\SubstituteBindings->handle()
#15 /home/alumne/Escritorio/template22/laravel-spa-vue3-auth-crud/vendor/laravel/framework/src/Illuminate/Foundation/Http/Middleware/VerifyCsrfToken.php(78): Illuminate\\Pipeline\\Pipeline->Illuminate\\Pipeline\\{closure}()
#16 /home/alumne/Escritorio/template22/laravel-spa-vue3-auth-crud/vendor/laravel/framework/src/Illuminate/Pipeline/Pipeline.php(167): Illuminate\\Foundation\\Http\\Middleware\\VerifyCsrfToken->handle()
#17 /home/alumne/Escritorio/template22/laravel-spa-vue3-auth-crud/vendor/laravel/framework/src/Illuminate/View/Middleware/ShareErrorsFromSession.php(49): Illuminate\\Pipeline\\Pipeline->Illuminate\\Pipeline\\{closure}()
#18 /home/alumne/Escritorio/template22/laravel-spa-vue3-auth-crud/vendor/laravel/framework/src/Illuminate/Pipeline/Pipeline.php(167): Illuminate\\View\\Middleware\\ShareErrorsFromSession->handle()
#19 /home/alumne/Escritorio/template22/laravel-spa-vue3-auth-crud/vendor/laravel/framework/src/Illuminate/Session/Middleware/StartSession.php(121): Illuminate\\Pipeline\\Pipeline->Illuminate\\Pipeline\\{closure}()
#20 /home/alumne/Escritorio/template22/laravel-spa-vue3-auth-crud/vendor/laravel/framework/src/Illuminate/Session/Middleware/StartSession.php(63): Illuminate\\Session\\Middleware\\StartSession->handleStatefulRequest()
#21 /home/alumne/Escritorio/template22/laravel-spa-vue3-auth-crud/vendor/laravel/framework/src/Illuminate/Pipeline/Pipeline.php(167): Illuminate\\Session\\Middleware\\StartSession->handle()
#22 /home/alumne/Escritorio/template22/laravel-spa-vue3-auth-crud/vendor/laravel/framework/src/Illuminate/Cookie/Middleware/AddQueuedCookiesToResponse.php(37): Illuminate\\Pipeline\\Pipeline->Illuminate\\Pipeline\\{closure}()
#23 /home/alumne/Escritorio/template22/laravel-spa-vue3-auth-crud/vendor/laravel/framework/src/Illuminate/Pipeline/Pipeline.php(167): Illuminate\\Cookie\\Middleware\\AddQueuedCookiesToResponse->handle()
#24 /home/alumne/Escritorio/template22/laravel-spa-vue3-auth-crud/vendor/laravel/framework/src/Illuminate/Cookie/Middleware/EncryptCookies.php(67): Illuminate\\Pipeline\\Pipeline->Illuminate\\Pipeline\\{closure}()
#25 /home/alumne/Escritorio/template22/laravel-spa-vue3-auth-crud/vendor/laravel/framework/src/Illuminate/Pipeline/Pipeline.php(167): Illuminate\\Cookie\\Middleware\\EncryptCookies->handle()
#26 /home/alumne/Escritorio/template22/laravel-spa-vue3-auth-crud/vendor/laravel/framework/src/Illuminate/Pipeline/Pipeline.php(103): Illuminate\\Pipeline\\Pipeline->Illuminate\\Pipeline\\{closure}()
#27 /home/alumne/Escritorio/template22/laravel-spa-vue3-auth-crud/vendor/laravel/framework/src/Illuminate/Routing/Router.php(695): Illuminate\\Pipeline\\Pipeline->then()
#28 /home/alumne/Escritorio/template22/laravel-spa-vue3-auth-crud/vendor/laravel/framework/src/Illuminate/Routing/Router.php(670): Illuminate\\Routing\\Router->runRouteWithinStack()
#29 /home/alumne/Escritorio/template22/laravel-spa-vue3-auth-crud/vendor/laravel/framework/src/Illuminate/Routing/Router.php(636): Illuminate\\Routing\\Router->runRoute()
#30 /home/alumne/Escritorio/template22/laravel-spa-vue3-auth-crud/vendor/laravel/framework/src/Illuminate/Routing/Router.php(625): Illuminate\\Routing\\Router->dispatchToRoute()
#31 /home/alumne/Escritorio/template22/laravel-spa-vue3-auth-crud/vendor/laravel/framework/src/Illuminate/Foundation/Http/Kernel.php(166): Illuminate\\Routing\\Router->dispatch()
#32 /home/alumne/Escritorio/template22/laravel-spa-vue3-auth-crud/vendor/laravel/framework/src/Illuminate/Pipeline/Pipeline.php(128): Illuminate\\Foundation\\Http\\Kernel->Illuminate\\Foundation\\Http\\{closure}()
#33 /home/alumne/Escritorio/template22/laravel-spa-vue3-auth-crud/vendor/laravel/framework/src/Illuminate/Foundation/Http/Middleware/TransformsRequest.php(21): Illuminate\\Pipeline\\Pipeline->Illuminate\\Pipeline\\{closure}()
#34 /home/alumne/Escritorio/template22/laravel-spa-vue3-auth-crud/vendor/laravel/framework/src/Illuminate/Pipeline/Pipeline.php(167): Illuminate\\Foundation\\Http\\Middleware\\TransformsRequest->handle()
#35 /home/alumne/Escritorio/template22/laravel-spa-vue3-auth-crud/vendor/laravel/framework/src/Illuminate/Foundation/Http/Middleware/TransformsRequest.php(21): Illuminate\\Pipeline\\Pipeline->Illuminate\\Pipeline\\{closure}()
#36 /home/alumne/Escritorio/template22/laravel-spa-vue3-auth-crud/vendor/laravel/framework/src/Illuminate/Pipeline/Pipeline.php(167): Illuminate\\Foundation\\Http\\Middleware\\TransformsRequest->handle()
#37 /home/alumne/Escritorio/template22/laravel-spa-vue3-auth-crud/vendor/laravel/framework/src/Illuminate/Foundation/Http/Middleware/ValidatePostSize.php(27): Illuminate\\Pipeline\\Pipeline->Illuminate\\Pipeline\\{closure}()
#38 /home/alumne/Escritorio/template22/laravel-spa-vue3-auth-crud/vendor/laravel/framework/src/Illuminate/Pipeline/Pipeline.php(167): Illuminate\\Foundation\\Http\\Middleware\\ValidatePostSize->handle()
#39 /home/alumne/Escritorio/template22/laravel-spa-vue3-auth-crud/vendor/laravel/framework/src/Illuminate/Foundation/Http/Middleware/PreventRequestsDuringMaintenance.php(86): Illuminate\\Pipeline\\Pipeline->Illuminate\\Pipeline\\{closure}()
#40 /home/alumne/Escritorio/template22/laravel-spa-vue3-auth-crud/vendor/laravel/framework/src/Illuminate/Pipeline/Pipeline.php(167): Illuminate\\Foundation\\Http\\Middleware\\PreventRequestsDuringMaintenance->handle()
#41 /home/alumne/Escritorio/template22/laravel-spa-vue3-auth-crud/vendor/fruitcake/laravel-cors/src/HandleCors.php(37): Illuminate\\Pipeline\\Pipeline->Illuminate\\Pipeline\\{closure}()
#42 /home/alumne/Escritorio/template22/laravel-spa-vue3-auth-crud/vendor/laravel/framework/src/Illuminate/Pipeline/Pipeline.php(167): Fruitcake\\Cors\\HandleCors->handle()
#43 /home/alumne/Escritorio/template22/laravel-spa-vue3-auth-crud/vendor/fideloper/proxy/src/TrustProxies.php(57): Illuminate\\Pipeline\\Pipeline->Illuminate\\Pipeline\\{closure}()
#44 /home/alumne/Escritorio/template22/laravel-spa-vue3-auth-crud/vendor/laravel/framework/src/Illuminate/Pipeline/Pipeline.php(167): Fideloper\\Proxy\\TrustProxies->handle()
#45 /home/alumne/Escritorio/template22/laravel-spa-vue3-auth-crud/vendor/laravel/framework/src/Illuminate/Pipeline/Pipeline.php(103): Illuminate\\Pipeline\\Pipeline->Illuminate\\Pipeline\\{closure}()
#46 /home/alumne/Escritorio/template22/laravel-spa-vue3-auth-crud/vendor/laravel/framework/src/Illuminate/Foundation/Http/Kernel.php(141): Illuminate\\Pipeline\\Pipeline->then()
#47 /home/alumne/Escritorio/template22/laravel-spa-vue3-auth-crud/vendor/laravel/framework/src/Illuminate/Foundation/Http/Kernel.php(110): Illuminate\\Foundation\\Http\\Kernel->sendRequestThroughRouter()
#48 /home/alumne/Escritorio/template22/laravel-spa-vue3-auth-crud/public/index.php(52): Illuminate\\Foundation\\Http\\Kernel->handle()
#49 /home/alumne/Escritorio/template22/laravel-spa-vue3-auth-crud/server.php(21): require_once('...')
#50 {main}

[previous exception] [object] (ParseError(code: 0): syntax error, unexpected single-quoted string \"user\", expecting \"]\" at /home/alumne/Escritorio/template22/laravel-spa-vue3-auth-crud/storage/framework/views/4d49c359525e8500abf4fb3a9b528036a3fb0dc6.php:23)
[stacktrace]
#0 /home/alumne/Escritorio/template22/laravel-spa-vue3-auth-crud/vendor/laravel/framework/src/Illuminate/Filesystem/Filesystem.php(108): Illuminate\\Filesystem\\Filesystem::Illuminate\\Filesystem\\{closure}()
#1 /home/alumne/Escritorio/template22/laravel-spa-vue3-auth-crud/vendor/laravel/framework/src/Illuminate/View/Engines/PhpEngine.php(58): Illuminate\\Filesystem\\Filesystem->getRequire()
#2 /home/alumne/Escritorio/template22/laravel-spa-vue3-auth-crud/vendor/laravel/framework/src/Illuminate/View/Engines/CompilerEngine.php(61): Illuminate\\View\\Engines\\PhpEngine->evaluatePath()
#3 /home/alumne/Escritorio/template22/laravel-spa-vue3-auth-crud/vendor/facade/ignition/src/Views/Engines/CompilerEngine.php(37): Illuminate\\View\\Engines\\CompilerEngine->get()
#4 /home/alumne/Escritorio/template22/laravel-spa-vue3-auth-crud/vendor/laravel/framework/src/Illuminate/View/View.php(139): Facade\\Ignition\\Views\\Engines\\CompilerEngine->get()
#5 /home/alumne/Escritorio/template22/laravel-spa-vue3-auth-crud/vendor/laravel/framework/src/Illuminate/View/View.php(122): Illuminate\\View\\View->getContents()
#6 /home/alumne/Escritorio/template22/laravel-spa-vue3-auth-crud/vendor/laravel/framework/src/Illuminate/View/View.php(91): Illuminate\\View\\View->renderContents()
#7 /home/alumne/Escritorio/template22/laravel-spa-vue3-auth-crud/vendor/laravel/framework/src/Illuminate/Http/Response.php(62): Illuminate\\View\\View->render()
#8 /home/alumne/Escritorio/template22/laravel-spa-vue3-auth-crud/vendor/laravel/framework/src/Illuminate/Http/Response.php(34): Illuminate\\Http\\Response->setContent()
#9 /home/alumne/Escritorio/template22/laravel-spa-vue3-auth-crud/vendor/laravel/framework/src/Illuminate/Routing/Router.php(783): Illuminate\\Http\\Response->__construct()
#10 /home/alumne/Escritorio/template22/laravel-spa-vue3-auth-crud/vendor/laravel/framework/src/Illuminate/Routing/Router.php(753): Illuminate\\Routing\\Router::toResponse()
#11 /home/alumne/Escritorio/template22/laravel-spa-vue3-auth-crud/vendor/laravel/framework/src/Illuminate/Routing/Router.php(693): Illuminate\\Routing\\Router->prepareResponse()
#12 /home/alumne/Escritorio/template22/laravel-spa-vue3-auth-crud/vendor/laravel/framework/src/Illuminate/Pipeline/Pipeline.php(128): Illuminate\\Routing\\Router->Illuminate\\Routing\\{closure}()
#13 /home/alumne/Escritorio/template22/laravel-spa-vue3-auth-crud/vendor/laravel/framework/src/Illuminate/Routing/Middleware/SubstituteBindings.php(41): Illuminate\\Pipeline\\Pipeline->Illuminate\\Pipeline\\{closure}()
#14 /home/alumne/Escritorio/template22/laravel-spa-vue3-auth-crud/vendor/laravel/framework/src/Illuminate/Pipeline/Pipeline.php(167): Illuminate\\Routing\\Middleware\\SubstituteBindings->handle()
#15 /home/alumne/Escritorio/template22/laravel-spa-vue3-auth-crud/vendor/laravel/framework/src/Illuminate/Foundation/Http/Middleware/VerifyCsrfToken.php(78): Illuminate\\Pipeline\\Pipeline->Illuminate\\Pipeline\\{closure}()
#16 /home/alumne/Escritorio/template22/laravel-spa-vue3-auth-crud/vendor/laravel/framework/src/Illuminate/Pipeline/Pipeline.php(167): Illuminate\\Foundation\\Http\\Middleware\\VerifyCsrfToken->handle()
#17 /home/alumne/Escritorio/template22/laravel-spa-vue3-auth-crud/vendor/laravel/framework/src/Illuminate/View/Middleware/ShareErrorsFromSession.php(49): Illuminate\\Pipeline\\Pipeline->Illuminate\\Pipeline\\{closure}()
#18 /home/alumne/Escritorio/template22/laravel-spa-vue3-auth-crud/vendor/laravel/framework/src/Illuminate/Pipeline/Pipeline.php(167): Illuminate\\View\\Middleware\\ShareErrorsFromSession->handle()
#19 /home/alumne/Escritorio/template22/laravel-spa-vue3-auth-crud/vendor/laravel/framework/src/Illuminate/Session/Middleware/StartSession.php(121): Illuminate\\Pipeline\\Pipeline->Illuminate\\Pipeline\\{closure}()
#20 /home/alumne/Escritorio/template22/laravel-spa-vue3-auth-crud/vendor/laravel/framework/src/Illuminate/Session/Middleware/StartSession.php(63): Illuminate\\Session\\Middleware\\StartSession->handleStatefulRequest()
#21 /home/alumne/Escritorio/template22/laravel-spa-vue3-auth-crud/vendor/laravel/framework/src/Illuminate/Pipeline/Pipeline.php(167): Illuminate\\Session\\Middleware\\StartSession->handle()
#22 /home/alumne/Escritorio/template22/laravel-spa-vue3-auth-crud/vendor/laravel/framework/src/Illuminate/Cookie/Middleware/AddQueuedCookiesToResponse.php(37): Illuminate\\Pipeline\\Pipeline->Illuminate\\Pipeline\\{closure}()
#23 /home/alumne/Escritorio/template22/laravel-spa-vue3-auth-crud/vendor/laravel/framework/src/Illuminate/Pipeline/Pipeline.php(167): Illuminate\\Cookie\\Middleware\\AddQueuedCookiesToResponse->handle()
#24 /home/alumne/Escritorio/template22/laravel-spa-vue3-auth-crud/vendor/laravel/framework/src/Illuminate/Cookie/Middleware/EncryptCookies.php(67): Illuminate\\Pipeline\\Pipeline->Illuminate\\Pipeline\\{closure}()
#25 /home/alumne/Escritorio/template22/laravel-spa-vue3-auth-crud/vendor/laravel/framework/src/Illuminate/Pipeline/Pipeline.php(167): Illuminate\\Cookie\\Middleware\\EncryptCookies->handle()
#26 /home/alumne/Escritorio/template22/laravel-spa-vue3-auth-crud/vendor/laravel/framework/src/Illuminate/Pipeline/Pipeline.php(103): Illuminate\\Pipeline\\Pipeline->Illuminate\\Pipeline\\{closure}()
#27 /home/alumne/Escritorio/template22/laravel-spa-vue3-auth-crud/vendor/laravel/framework/src/Illuminate/Routing/Router.php(695): Illuminate\\Pipeline\\Pipeline->then()
#28 /home/alumne/Escritorio/template22/laravel-spa-vue3-auth-crud/vendor/laravel/framework/src/Illuminate/Routing/Router.php(670): Illuminate\\Routing\\Router->runRouteWithinStack()
#29 /home/alumne/Escritorio/template22/laravel-spa-vue3-auth-crud/vendor/laravel/framework/src/Illuminate/Routing/Router.php(636): Illuminate\\Routing\\Router->runRoute()
#30 /home/alumne/Escritorio/template22/laravel-spa-vue3-auth-crud/vendor/laravel/framework/src/Illuminate/Routing/Router.php(625): Illuminate\\Routing\\Router->dispatchToRoute()
#31 /home/alumne/Escritorio/template22/laravel-spa-vue3-auth-crud/vendor/laravel/framework/src/Illuminate/Foundation/Http/Kernel.php(166): Illuminate\\Routing\\Router->dispatch()
#32 /home/alumne/Escritorio/template22/laravel-spa-vue3-auth-crud/vendor/laravel/framework/src/Illuminate/Pipeline/Pipeline.php(128): Illuminate\\Foundation\\Http\\Kernel->Illuminate\\Foundation\\Http\\{closure}()
#33 /home/alumne/Escritorio/template22/laravel-spa-vue3-auth-crud/vendor/laravel/framework/src/Illuminate/Foundation/Http/Middleware/TransformsRequest.php(21): Illuminate\\Pipeline\\Pipeline->Illuminate\\Pipeline\\{closure}()
#34 /home/alumne/Escritorio/template22/laravel-spa-vue3-auth-crud/vendor/laravel/framework/src/Illuminate/Pipeline/Pipeline.php(167): Illuminate\\Foundation\\Http\\Middleware\\TransformsRequest->handle()
#35 /home/alumne/Escritorio/template22/laravel-spa-vue3-auth-crud/vendor/laravel/framework/src/Illuminate/Foundation/Http/Middleware/TransformsRequest.php(21): Illuminate\\Pipeline\\Pipeline->Illuminate\\Pipeline\\{closure}()
#36 /home/alumne/Escritorio/template22/laravel-spa-vue3-auth-crud/vendor/laravel/framework/src/Illuminate/Pipeline/Pipeline.php(167): Illuminate\\Foundation\\Http\\Middleware\\TransformsRequest->handle()
#37 /home/alumne/Escritorio/template22/laravel-spa-vue3-auth-crud/vendor/laravel/framework/src/Illuminate/Foundation/Http/Middleware/ValidatePostSize.php(27): Illuminate\\Pipeline\\Pipeline->Illuminate\\Pipeline\\{closure}()
#38 /home/alumne/Escritorio/template22/laravel-spa-vue3-auth-crud/vendor/laravel/framework/src/Illuminate/Pipeline/Pipeline.php(167): Illuminate\\Foundation\\Http\\Middleware\\ValidatePostSize->handle()
#39 /home/alumne/Escritorio/template22/laravel-spa-vue3-auth-crud/vendor/laravel/framework/src/Illuminate/Foundation/Http/Middleware/PreventRequestsDuringMaintenance.php(86): Illuminate\\Pipeline\\Pipeline->Illuminate\\Pipeline\\{closure}()
#40 /home/alumne/Escritorio/template22/laravel-spa-vue3-auth-crud/vendor/laravel/framework/src/Illuminate/Pipeline/Pipeline.php(167): Illuminate\\Foundation\\Http\\Middleware\\PreventRequestsDuringMaintenance->handle()
#41 /home/alumne/Escritorio/template22/laravel-spa-vue3-auth-crud/vendor/fruitcake/laravel-cors/src/HandleCors.php(37): Illuminate\\Pipeline\\Pipeline->Illuminate\\Pipeline\\{closure}()
#42 /home/alumne/Escritorio/template22/laravel-spa-vue3-auth-crud/vendor/laravel/framework/src/Illuminate/Pipeline/Pipeline.php(167): Fruitcake\\Cors\\HandleCors->handle()
#43 /home/alumne/Escritorio/template22/laravel-spa-vue3-auth-crud/vendor/fideloper/proxy/src/TrustProxies.php(57): Illuminate\\Pipeline\\Pipeline->Illuminate\\Pipeline\\{closure}()
#44 /home/alumne/Escritorio/template22/laravel-spa-vue3-auth-crud/vendor/laravel/framework/src/Illuminate/Pipeline/Pipeline.php(167): Fideloper\\Proxy\\TrustProxies->handle()
#45 /home/alumne/Escritorio/template22/laravel-spa-vue3-auth-crud/vendor/laravel/framework/src/Illuminate/Pipeline/Pipeline.php(103): Illuminate\\Pipeline\\Pipeline->Illuminate\\Pipeline\\{closure}()
#46 /home/alumne/Escritorio/template22/laravel-spa-vue3-auth-crud/vendor/laravel/framework/src/Illuminate/Foundation/Http/Kernel.php(141): Illuminate\\Pipeline\\Pipeline->then()
#47 /home/alumne/Escritorio/template22/laravel-spa-vue3-auth-crud/vendor/laravel/framework/src/Illuminate/Foundation/Http/Kernel.php(110): Illuminate\\Foundation\\Http\\Kernel->sendRequestThroughRouter()
#48 /home/alumne/Escritorio/template22/laravel-spa-vue3-auth-crud/public/index.php(52): Illuminate\\Foundation\\Http\\Kernel->handle()
#49 /home/alumne/Escritorio/template22/laravel-spa-vue3-auth-crud/server.php(21): require_once('...')
#50 {main}
"} 
